<?xml version="1.0" encoding="utf-8"?><testsuites name="pytest tests"><testsuite name="pytest" errors="0" failures="0" skipped="0" tests="21" time="52.325" timestamp="2026-04-04T14:17:38.413467+00:00" hostname="agent-env-f2614ca9-4fc8-458c-8557-a977db147b42"><testcase classname="tests.test_refactored_routes.TestHealthEndpoint" name="test_health_returns_200" time="2.322" /><testcase classname="tests.test_refactored_routes.TestSearchRoutes" name="test_search_text_query" time="1.194" /><testcase classname="tests.test_refactored_routes.TestSearchRoutes" name="test_search_cui_query" time="0.047" /><testcase classname="tests.test_refactored_routes.TestSearchRoutes" name="test_search_suggest_autocomplete" time="0.156" /><testcase classname="tests.test_refactored_routes.TestSearchRoutes" name="test_search_with_judet_filter" time="0.162" /><testcase classname="tests.test_refactored_routes.TestSearchRoutes" name="test_search_pagination" time="2.189" /><testcase classname="tests.test_refactored_routes.TestCompanyRoutes" name="test_company_by_cui" time="0.071" /><testcase classname="tests.test_refactored_routes.TestCompanyRoutes" name="test_company_by_slug" time="0.052" /><testcase classname="tests.test_refactored_routes.TestCompanyRoutes" name="test_company_financials" time="0.047" /><testcase classname="tests.test_refactored_routes.TestCompanyRoutes" name="test_company_not_found" time="0.044" /><testcase classname="tests.test_refactored_routes.TestCompanyRoutes" name="test_invalid_slug_format" time="0.049" /><testcase classname="tests.test_refactored_routes.TestGeoRoutes" name="test_get_judete" time="1.938" /><testcase classname="tests.test_refactored_routes.TestGeoRoutes" name="test_get_localitati" time="34.815" /><testcase classname="tests.test_refactored_routes.TestGeoRoutes" name="test_get_localitati_filtered_by_judet" time="0.096" /><testcase classname="tests.test_refactored_routes.TestGeoRoutes" name="test_caen_top" time="2.013" /><testcase classname="tests.test_refactored_routes.TestGeoRoutes" name="test_stats_overview" time="5.122" /><testcase classname="tests.test_refactored_routes.TestAdminDbRoutes" name="test_db_stats_requires_auth" time="0.051" /><testcase classname="tests.test_refactored_routes.TestAdminDbRoutes" name="test_db_stats_returns_data" time="0.357" /><testcase classname="tests.test_refactored_routes.TestAdminDbRoutes" name="test_qmark_preview_returns_data" time="1.213" /><testcase classname="tests.test_refactored_routes.TestAutoIndexingCodePath" name="test_recommended_indexes_imported" time="0.252" /><testcase classname="tests.test_refactored_routes.TestAutoIndexingCodePath" name="test_auto_indexing_code_in_sync_routes" time="0.051" /></testsuite></testsuites>