<?xml version="1.0" encoding="utf-8"?><testsuites name="pytest tests"><testsuite name="pytest" errors="0" failures="0" skipped="0" tests="45" time="371.328" timestamp="2026-04-01T17:40:54.382358+00:00" hostname="agent-env-1f90a12b-5db1-477b-a8db-cc67f13e5456"><testcase classname="backend.tests.test_sitemap_routes.TestSitemapIndexXML" name="test_index_returns_200" time="11.271" /><testcase classname="backend.tests.test_sitemap_routes.TestSitemapIndexXML" name="test_index_returns_xml_content_type" time="8.325" /><testcase classname="backend.tests.test_sitemap_routes.TestSitemapIndexXML" name="test_index_is_valid_xml" time="12.137" /><testcase classname="backend.tests.test_sitemap_routes.TestSitemapIndexXML" name="test_index_contains_sitemapindex_root" time="9.591" /><testcase classname="backend.tests.test_sitemap_routes.TestSitemapIndexXML" name="test_index_contains_30_sitemaps" time="9.501" /><testcase classname="backend.tests.test_sitemap_routes.TestSitemapIndexXML" name="test_index_contains_static_sitemap" time="9.124" /><testcase classname="backend.tests.test_sitemap_routes.TestSitemapIndexXML" name="test_index_contains_judete_sitemap" time="8.984" /><testcase classname="backend.tests.test_sitemap_routes.TestSitemapIndexXML" name="test_index_contains_caen_sitemap" time="8.065" /><testcase classname="backend.tests.test_sitemap_routes.TestSitemapIndexXML" name="test_index_contains_company_sitemaps" time="9.099" /><testcase classname="backend.tests.test_sitemap_routes.TestStaticSitemapXML" name="test_static_returns_200" time="0.130" /><testcase classname="backend.tests.test_sitemap_routes.TestStaticSitemapXML" name="test_static_is_valid_xml" time="0.142" /><testcase classname="backend.tests.test_sitemap_routes.TestStaticSitemapXML" name="test_static_contains_homepage" time="0.133" /><testcase classname="backend.tests.test_sitemap_routes.TestStaticSitemapXML" name="test_static_contains_search" time="0.131" /><testcase classname="backend.tests.test_sitemap_routes.TestStaticSitemapXML" name="test_static_contains_judete" time="0.142" /><testcase classname="backend.tests.test_sitemap_routes.TestStaticSitemapXML" name="test_static_contains_caen" time="0.102" /><testcase classname="backend.tests.test_sitemap_routes.TestStaticSitemapXML" name="test_static_has_4_urls" time="0.128" /><testcase classname="backend.tests.test_sitemap_routes.TestJudeteSitemapXML" name="test_judete_returns_200" time="10.649" /><testcase classname="backend.tests.test_sitemap_routes.TestJudeteSitemapXML" name="test_judete_is_valid_xml" time="11.735" /><testcase classname="backend.tests.test_sitemap_routes.TestJudeteSitemapXML" name="test_judete_contains_bucuresti" time="10.933" /><testcase classname="backend.tests.test_sitemap_routes.TestJudeteSitemapXML" name="test_judete_contains_cluj" time="11.477" /><testcase classname="backend.tests.test_sitemap_routes.TestJudeteSitemapXML" name="test_judete_has_many_urls" time="11.633" /><testcase classname="backend.tests.test_sitemap_routes.TestCaenSitemapXML" name="test_caen_returns_200" time="5.264" /><testcase classname="backend.tests.test_sitemap_routes.TestCaenSitemapXML" name="test_caen_is_valid_xml" time="4.661" /><testcase classname="backend.tests.test_sitemap_routes.TestCaenSitemapXML" name="test_caen_contains_valid_codes" time="4.728" /><testcase classname="backend.tests.test_sitemap_routes.TestCaenSitemapXML" name="test_caen_has_many_urls" time="5.392" /><testcase classname="backend.tests.test_sitemap_routes.TestCaenSitemapXML" name="test_caen_no_none_values" time="5.154" /><testcase classname="backend.tests.test_sitemap_routes.TestCompaniesSitemapXML" name="test_companies_1_returns_200" time="1.517" /><testcase classname="backend.tests.test_sitemap_routes.TestCompaniesSitemapXML" name="test_companies_1_is_valid_xml" time="1.175" /><testcase classname="backend.tests.test_sitemap_routes.TestCompaniesSitemapXML" name="test_companies_1_contains_firma_urls" time="1.055" /><testcase classname="backend.tests.test_sitemap_routes.TestCompaniesSitemapXML" name="test_companies_1_has_many_urls" time="1.093" /><testcase classname="backend.tests.test_sitemap_routes.TestCompaniesSitemapXML" name="test_companies_27_returns_200" time="8.775" /><testcase classname="backend.tests.test_sitemap_routes.TestCompaniesSitemapXML" name="test_companies_27_has_urls" time="8.373" /><testcase classname="backend.tests.test_sitemap_routes.TestCompaniesSitemapXML" name="test_invalid_page_returns_400" time="0.156" /><testcase classname="backend.tests.test_sitemap_routes.TestSitemapStatusAPI" name="test_status_requires_auth" time="0.103" /><testcase classname="backend.tests.test_sitemap_routes.TestSitemapStatusAPI" name="test_status_returns_200_with_admin" time="22.371" /><testcase classname="backend.tests.test_sitemap_routes.TestSitemapStatusAPI" name="test_status_returns_stats" time="27.307" /><testcase classname="backend.tests.test_sitemap_routes.TestSitemapStatusAPI" name="test_status_stats_has_company_pages" time="22.118" /><testcase classname="backend.tests.test_sitemap_routes.TestSitemapStatusAPI" name="test_status_stats_has_total_active_companies" time="23.624" /><testcase classname="backend.tests.test_sitemap_routes.TestSitemapStatusAPI" name="test_status_stats_has_total_sitemaps" time="20.242" /><testcase classname="backend.tests.test_sitemap_routes.TestSitemapStatusAPI" name="test_status_stats_has_judete" time="19.826" /><testcase classname="backend.tests.test_sitemap_routes.TestSitemapStatusAPI" name="test_status_stats_has_caen_codes" time="22.068" /><testcase classname="backend.tests.test_sitemap_routes.TestSitemapGenerateAPI" name="test_generate_requires_auth" time="0.151" /><testcase classname="backend.tests.test_sitemap_routes.TestSitemapGenerateAPI" name="test_generate_returns_200_with_admin" time="0.105" /><testcase classname="backend.tests.test_sitemap_routes.TestSitemapGenerateAPI" name="test_generate_returns_message" time="0.110" /><testcase classname="backend.tests.test_sitemap_routes.TestSitemapGenerateAPI" name="test_generate_updates_timestamp" time="22.402" /></testsuite></testsuites>