<?xml version="1.0" encoding="utf-8"?><testsuites name="pytest tests"><testsuite name="pytest" errors="0" failures="0" skipped="1" tests="20" time="253.725" timestamp="2026-04-01T14:43:35.645344+00:00" hostname="agent-env-1f90a12b-5db1-477b-a8db-cc67f13e5456"><testcase classname="backend.tests.test_admin_companies_routes.TestAdminCompaniesAuth" name="test_counts_requires_auth" time="0.485" /><testcase classname="backend.tests.test_admin_companies_routes.TestAdminCompaniesAuth" name="test_list_requires_auth" time="0.118" /><testcase classname="backend.tests.test_admin_companies_routes.TestAdminCompaniesAuth" name="test_full_requires_auth" time="0.120" /><testcase classname="backend.tests.test_admin_companies_routes.TestAdminCompanyCounts" name="test_counts_returns_200" time="48.950" /><testcase classname="backend.tests.test_admin_companies_routes.TestAdminCompanyCounts" name="test_counts_structure" time="60.223"><skipped type="pytest.skip" message="Cloud DB counts query timed out">/app/backend/tests/test_admin_companies_routes.py:88: Cloud DB counts query timed out</skipped></testcase><testcase classname="backend.tests.test_admin_companies_routes.TestAdminCompanyListActive" name="test_list_active_returns_200" time="0.999" /><testcase classname="backend.tests.test_admin_companies_routes.TestAdminCompanyListActive" name="test_list_active_structure" time="0.515" /><testcase classname="backend.tests.test_admin_companies_routes.TestAdminCompanyListActive" name="test_list_active_company_fields" time="0.525" /><testcase classname="backend.tests.test_admin_companies_routes.TestAdminCompanyListActive" name="test_list_active_pagination" time="1.054" /><testcase classname="backend.tests.test_admin_companies_routes.TestAdminCompanyListRadiate" name="test_list_radiate_returns_200" time="1.019" /><testcase classname="backend.tests.test_admin_companies_routes.TestAdminCompanyListRadiate" name="test_list_radiate_structure" time="0.628" /><testcase classname="backend.tests.test_admin_companies_routes.TestAdminCompanyListRadiate" name="test_list_radiate_companies_have_radiere_status" time="0.621" /><testcase classname="backend.tests.test_admin_companies_routes.TestAdminCompanyListRadiate" name="test_search_within_radiate" time="3.156" /><testcase classname="backend.tests.test_admin_companies_routes.TestAdminCompanyListIncomplete" name="test_list_incomplete_returns_200" time="35.413" /><testcase classname="backend.tests.test_admin_companies_routes.TestAdminCompanyListIncomplete" name="test_list_incomplete_structure" time="33.793" /><testcase classname="backend.tests.test_admin_companies_routes.TestAdminCompanyListAll" name="test_list_all_returns_200" time="32.601" /><testcase classname="backend.tests.test_admin_companies_routes.TestAdminCompanyListAll" name="test_list_all_structure" time="32.263" /><testcase classname="backend.tests.test_admin_companies_routes.TestAdminCompanyFull" name="test_full_active_company" time="0.677" /><testcase classname="backend.tests.test_admin_companies_routes.TestAdminCompanyFull" name="test_full_radiate_company" time="0.235" /><testcase classname="backend.tests.test_admin_companies_routes.TestAdminCompanyFull" name="test_full_nonexistent_company" time="0.248" /></testsuite></testsuites>