<?xml version="1.0" encoding="utf-8"?><testsuites name="pytest tests"><testsuite name="pytest" errors="0" failures="0" skipped="0" tests="20" time="170.587" timestamp="2026-04-01T16:52:20.629435+00:00" hostname="agent-env-1f90a12b-5db1-477b-a8db-cc67f13e5456"><testcase classname="backend.tests.test_location_routes.TestJudeteList" name="test_judete_returns_200" time="5.197" /><testcase classname="backend.tests.test_location_routes.TestJudeteList" name="test_judete_response_structure" time="5.268" /><testcase classname="backend.tests.test_location_routes.TestJudeteList" name="test_judete_count_is_42_or_more" time="5.022" /><testcase classname="backend.tests.test_location_routes.TestJudeteList" name="test_judete_item_structure" time="4.843" /><testcase classname="backend.tests.test_location_routes.TestJudeteList" name="test_bucuresti_is_largest" time="5.048" /><testcase classname="backend.tests.test_location_routes.TestJudeteList" name="test_harghita_exists" time="4.882" /><testcase classname="backend.tests.test_location_routes.TestJudetLocalities" name="test_harghita_returns_200" time="7.975" /><testcase classname="backend.tests.test_location_routes.TestJudetLocalities" name="test_harghita_response_structure" time="7.620" /><testcase classname="backend.tests.test_location_routes.TestJudetLocalities" name="test_harghita_localities_structure" time="8.777" /><testcase classname="backend.tests.test_location_routes.TestJudetLocalities" name="test_toplita_in_harghita" time="8.487" /><testcase classname="backend.tests.test_location_routes.TestJudetLocalities" name="test_bucuresti_sectors" time="9.133" /><testcase classname="backend.tests.test_location_routes.TestJudetLocalities" name="test_invalid_judet_returns_error" time="5.095" /><testcase classname="backend.tests.test_location_routes.TestLocalityCompanies" name="test_toplita_returns_200" time="11.351" /><testcase classname="backend.tests.test_location_routes.TestLocalityCompanies" name="test_toplita_response_structure" time="14.220" /><testcase classname="backend.tests.test_location_routes.TestLocalityCompanies" name="test_toplita_company_structure" time="11.136" /><testcase classname="backend.tests.test_location_routes.TestLocalityCompanies" name="test_search_by_cui" time="8.073" /><testcase classname="backend.tests.test_location_routes.TestLocalityCompanies" name="test_search_by_cui_has_legal_issues" time="7.661" /><testcase classname="backend.tests.test_location_routes.TestLocalityCompanies" name="test_pagination_works" time="22.170" /><testcase classname="backend.tests.test_location_routes.TestLocalityCompanies" name="test_invalid_locality_returns_error" time="7.648" /><testcase classname="backend.tests.test_location_routes.TestLocalityCompanies" name="test_company_slug_format" time="10.862" /></testsuite></testsuites>