<?xml version="1.0" encoding="utf-8"?><testsuites name="pytest tests"><testsuite name="pytest" errors="0" failures="1" skipped="0" tests="21" time="120.868" timestamp="2026-04-04T14:00:22.729168+00:00" hostname="agent-env-f2614ca9-4fc8-458c-8557-a977db147b42"><testcase classname="backend.tests.test_qmark_normalize.TestQmarkPreviewEndpoint" name="test_qmark_preview_returns_200" time="1.678" /><testcase classname="backend.tests.test_qmark_normalize.TestQmarkPreviewEndpoint" name="test_qmark_preview_response_structure" time="1.262" /><testcase classname="backend.tests.test_qmark_normalize.TestQmarkPreviewEndpoint" name="test_qmark_preview_confidence_counts_sum" time="1.221" /><testcase classname="backend.tests.test_qmark_normalize.TestQmarkPreviewEndpoint" name="test_qmark_preview_item_structure" time="1.269" /><testcase classname="backend.tests.test_qmark_normalize.TestQmarkPreviewEndpoint" name="test_qmark_preview_changes_structure" time="1.271" /><testcase classname="backend.tests.test_qmark_normalize.TestQmarkPreviewEndpoint" name="test_qmark_preview_requires_auth" time="0.108" /><testcase classname="backend.tests.test_qmark_normalize.TestQmarkHeuristicCorrectness" name="test_serban_becomes_serban_with_s_cedilla" time="1.215" /><testcase classname="backend.tests.test_qmark_normalize.TestQmarkHeuristicCorrectness" name="test_stefan_becomes_stefan_with_s_cedilla" time="1.229" /><testcase classname="backend.tests.test_qmark_normalize.TestQmarkHeuristicCorrectness" name="test_doruta_becomes_doruta_with_t_cedilla" time="1.234" /><testcase classname="backend.tests.test_qmark_normalize.TestQmarkHeuristicCorrectness" name="test_gheorghita_becomes_gheorghita_with_t_cedilla" time="1.396" /><testcase classname="backend.tests.test_qmark_normalize.TestQmarkHeuristicCorrectness" name="test_tigan_becomes_tigan_with_t_cedilla" time="1.240" /><testcase classname="backend.tests.test_qmark_normalize.TestQmarkHeuristicCorrectness" name="test_taran_becomes_taran_with_t_cedilla" time="1.197" /><testcase classname="backend.tests.test_qmark_normalize.TestQmarkNormalizeEndpoint" name="test_qmark_normalize_returns_200" time="1.508" /><testcase classname="backend.tests.test_qmark_normalize.TestQmarkNormalizeEndpoint" name="test_qmark_normalize_response_structure" time="1.221" /><testcase classname="backend.tests.test_qmark_normalize.TestQmarkNormalizeEndpoint" name="test_qmark_normalize_details_structure" time="1.209" /><testcase classname="backend.tests.test_qmark_normalize.TestQmarkNormalizeEndpoint" name="test_qmark_normalize_requires_auth" time="0.107" /><testcase classname="backend.tests.test_qmark_normalize.TestQmarkNormalizeEndpoint" name="test_qmark_normalize_with_overrides" time="1.266" /><testcase classname="backend.tests.test_qmark_normalize.TestExistingDiacriticsNormalization" name="test_normalize_preview_returns_200" time="2.954" /><testcase classname="backend.tests.test_qmark_normalize.TestExistingDiacriticsNormalization" name="test_normalize_preview_response_structure" time="3.069" /><testcase classname="backend.tests.test_qmark_normalize.TestExistingDiacriticsNormalization" name="test_normalize_diacritics_returns_200" time="60.111"><failure message="AssertionError: Expected 200, got 502: The preview environment is not responding. It may be starting up.&#10;  &#10;assert 502 == 200&#10; +  where 502 = &lt;Response [502]&gt;.status_code">backend/tests/test_qmark_normalize.py:281: in test_normalize_diacritics_returns_200
    assert response.status_code == 200, f"Expected 200, got {response.status_code}: {response.text}"
E   AssertionError: Expected 200, got 502: The preview environment is not responding. It may be starting up.
E     
E   assert 502 == 200
E    +  where 502 = &lt;Response [502]&gt;.status_code</failure></testcase><testcase classname="backend.tests.test_qmark_normalize.TestExistingDiacriticsNormalization" name="test_normalize_diacritics_response_structure" time="34.896" /></testsuite></testsuites>