<?xml version="1.0" encoding="utf-8"?><testsuites name="pytest tests"><testsuite name="pytest" errors="0" failures="0" skipped="0" tests="16" time="2.147" timestamp="2026-04-01T14:20:13.911305+00:00" hostname="agent-env-1f90a12b-5db1-477b-a8db-cc67f13e5456"><testcase classname="backend.tests.test_legal_routes.TestLegalSummaryEndpoint" name="test_legal_summary_returns_200" time="0.192" /><testcase classname="backend.tests.test_legal_routes.TestLegalSummaryEndpoint" name="test_legal_summary_response_structure" time="0.131" /><testcase classname="backend.tests.test_legal_routes.TestLegalSummaryEndpoint" name="test_legal_summary_with_nonexistent_cui" time="0.165" /><testcase classname="backend.tests.test_legal_routes.TestDosareEndpoint" name="test_dosare_returns_200" time="0.103" /><testcase classname="backend.tests.test_legal_routes.TestDosareEndpoint" name="test_dosare_response_structure" time="0.107" /><testcase classname="backend.tests.test_legal_routes.TestDosareEndpoint" name="test_dosare_pagination_params" time="0.118" /><testcase classname="backend.tests.test_legal_routes.TestDosareEndpoint" name="test_dosare_with_nonexistent_cui" time="0.130" /><testcase classname="backend.tests.test_legal_routes.TestBpiEndpoint" name="test_bpi_returns_200" time="0.144" /><testcase classname="backend.tests.test_legal_routes.TestBpiEndpoint" name="test_bpi_response_structure" time="0.107" /><testcase classname="backend.tests.test_legal_routes.TestBpiEndpoint" name="test_bpi_pagination_params" time="0.114" /><testcase classname="backend.tests.test_legal_routes.TestBpiEndpoint" name="test_bpi_with_nonexistent_cui" time="0.158" /><testcase classname="backend.tests.test_legal_routes.TestLichidatoriEndpoint" name="test_lichidatori_returns_200" time="0.110" /><testcase classname="backend.tests.test_legal_routes.TestLichidatoriEndpoint" name="test_lichidatori_response_structure" time="0.104" /><testcase classname="backend.tests.test_legal_routes.TestLichidatoriEndpoint" name="test_lichidatori_with_nonexistent_cui" time="0.114" /><testcase classname="backend.tests.test_legal_routes.TestCompanyPageIntegration" name="test_company_slug_endpoint_works" time="0.118" /><testcase classname="backend.tests.test_legal_routes.TestCompanyPageIntegration" name="test_company_cui_endpoint_works" time="0.117" /></testsuite></testsuites>