<?xml version="1.0" encoding="utf-8"?><testsuites name="pytest tests"><testsuite name="pytest" errors="0" failures="0" skipped="0" tests="17" time="60.842" timestamp="2026-04-04T06:42:37.471340+00:00" hostname="agent-env-0a01a41c-ce9f-4e6b-8caf-daf02a4005b6"><testcase classname="backend.tests.test_db_optimize.TestDbStatsEndpoint" name="test_db_stats_returns_200" time="0.624" /><testcase classname="backend.tests.test_db_optimize.TestDbStatsEndpoint" name="test_db_stats_has_health_score" time="0.122" /><testcase classname="backend.tests.test_db_optimize.TestDbStatsEndpoint" name="test_db_stats_has_collections" time="0.112" /><testcase classname="backend.tests.test_db_optimize.TestDbStatsEndpoint" name="test_db_stats_has_recommendations" time="0.117" /><testcase classname="backend.tests.test_db_optimize.TestDbStatsEndpoint" name="test_db_stats_collection_structure" time="0.120" /><testcase classname="backend.tests.test_db_optimize.TestDbStatsEndpoint" name="test_db_stats_recommendation_structure" time="0.114" /><testcase classname="backend.tests.test_db_optimize.TestDbStatsEndpoint" name="test_db_stats_has_missing_indexes_count" time="0.125" /><testcase classname="backend.tests.test_db_optimize.TestDbStatsEndpoint" name="test_db_stats_requires_auth" time="0.105" /><testcase classname="backend.tests.test_db_optimize.TestCreateAllIndexesEndpoint" name="test_create_all_indexes_returns_200" time="58.187" /><testcase classname="backend.tests.test_db_optimize.TestCreateAllIndexesEndpoint" name="test_create_all_indexes_response_structure" time="0.156" /><testcase classname="backend.tests.test_db_optimize.TestCreateAllIndexesEndpoint" name="test_create_all_indexes_details_structure" time="0.227" /><testcase classname="backend.tests.test_db_optimize.TestCreateAllIndexesEndpoint" name="test_create_all_indexes_requires_auth" time="0.098" /><testcase classname="backend.tests.test_db_optimize.TestCreateSingleIndexEndpoint" name="test_create_index_with_valid_name" time="0.097" /><testcase classname="backend.tests.test_db_optimize.TestCreateSingleIndexEndpoint" name="test_create_index_missing_name" time="0.104" /><testcase classname="backend.tests.test_db_optimize.TestCreateSingleIndexEndpoint" name="test_create_index_unknown_name" time="0.112" /><testcase classname="backend.tests.test_db_optimize.TestCreateSingleIndexEndpoint" name="test_create_index_requires_auth" time="0.115" /><testcase classname="backend.tests.test_db_optimize.TestHealthScoreAfterIndexCreation" name="test_health_score_after_create_all" time="0.237" /></testsuite></testsuites>