<?xml version="1.0" encoding="utf-8"?><testsuites name="pytest tests"><testsuite name="pytest" errors="0" failures="1" skipped="0" tests="23" time="47.570" timestamp="2026-04-04T18:59:05.442177+00:00" hostname="agent-env-a4eff8dd-8e1e-4770-b119-0e69258d1f40"><testcase classname="backend.tests.test_admin_caen_routes.TestCaenStats" name="test_stats_requires_auth" time="0.245" /><testcase classname="backend.tests.test_admin_caen_routes.TestCaenStats" name="test_stats_returns_data" time="44.266" /><testcase classname="backend.tests.test_admin_caen_routes.TestCaenCodesList" name="test_list_requires_auth" time="0.171" /><testcase classname="backend.tests.test_admin_caen_routes.TestCaenCodesList" name="test_list_returns_codes" time="0.110" /><testcase classname="backend.tests.test_admin_caen_routes.TestCaenCodesList" name="test_list_pagination" time="0.228" /><testcase classname="backend.tests.test_admin_caen_routes.TestCaenCodesList" name="test_search_by_code" time="0.124" /><testcase classname="backend.tests.test_admin_caen_routes.TestCaenCodesList" name="test_search_by_name" time="0.111" /><testcase classname="backend.tests.test_admin_caen_routes.TestCaenCodesList" name="test_filter_valid" time="0.113" /><testcase classname="backend.tests.test_admin_caen_routes.TestCaenCodesList" name="test_filter_generic" time="0.111" /><testcase classname="backend.tests.test_admin_caen_routes.TestCaenCRUD" name="test_add_code" time="0.208" /><testcase classname="backend.tests.test_admin_caen_routes.TestCaenCRUD" name="test_add_duplicate_fails" time="0.102" /><testcase classname="backend.tests.test_admin_caen_routes.TestCaenCRUD" name="test_add_missing_fields_fails" time="0.113" /><testcase classname="backend.tests.test_admin_caen_routes.TestCaenCRUD" name="test_verify_added_code" time="0.121" /><testcase classname="backend.tests.test_admin_caen_routes.TestCaenCRUD" name="test_update_code" time="0.116" /><testcase classname="backend.tests.test_admin_caen_routes.TestCaenCRUD" name="test_verify_update" time="0.106" /><testcase classname="backend.tests.test_admin_caen_routes.TestCaenCRUD" name="test_update_nonexistent_fails" time="0.103" /><testcase classname="backend.tests.test_admin_caen_routes.TestCaenCRUD" name="test_delete_code" time="0.106" /><testcase classname="backend.tests.test_admin_caen_routes.TestCaenCRUD" name="test_verify_delete" time="0.104" /><testcase classname="backend.tests.test_admin_caen_routes.TestCaenCRUD" name="test_delete_nonexistent_fails" time="0.103" /><testcase classname="backend.tests.test_admin_caen_routes.TestRev1Update" name="test_rev1_requires_auth" time="0.099" /><testcase classname="backend.tests.test_admin_caen_routes.TestRev1Update" name="test_rev1_update" time="0.336" /><testcase classname="backend.tests.test_admin_caen_routes.TestCsvImport" name="test_csv_import_requires_auth" time="0.119" /><testcase classname="backend.tests.test_admin_caen_routes.TestCsvImport" name="test_csv_import_valid" time="0.217"><failure message="AssertionError: CSV import failed: Internal Server Error&#10;assert 500 == 200&#10; +  where 500 = &lt;Response [500]&gt;.status_code">backend/tests/test_admin_caen_routes.py:354: in test_csv_import_valid
    assert response.status_code == 200, f"CSV import failed: {response.text}"
E   AssertionError: CSV import failed: Internal Server Error
E   assert 500 == 200
E    +  where 500 = &lt;Response [500]&gt;.status_code</failure></testcase></testsuite></testsuites>