<?xml version="1.0" encoding="utf-8"?><testsuites name="pytest tests"><testsuite name="pytest" errors="0" failures="0" skipped="0" tests="13" time="39.034" timestamp="2026-04-04T15:42:36.190001+00:00" hostname="agent-env-f2614ca9-4fc8-458c-8557-a977db147b42"><testcase classname="backend.tests.test_seo_gen_routes.TestSeoGenStatus" name="test_status_requires_auth" time="0.210" /><testcase classname="backend.tests.test_seo_gen_routes.TestSeoGenStatus" name="test_status_returns_counts" time="4.378" /><testcase classname="backend.tests.test_seo_gen_routes.TestSeoGenPreview" name="test_preview_requires_auth" time="0.152" /><testcase classname="backend.tests.test_seo_gen_routes.TestSeoGenPreview" name="test_preview_generates_text" time="8.667" /><testcase classname="backend.tests.test_seo_gen_routes.TestSeoGenPreview" name="test_preview_invalid_cui" time="0.152" /><testcase classname="backend.tests.test_seo_gen_routes.TestSeoGenBatch" name="test_start_requires_auth" time="0.102" /><testcase classname="backend.tests.test_seo_gen_routes.TestSeoGenBatch" name="test_stop_requires_auth" time="0.160" /><testcase classname="backend.tests.test_seo_gen_routes.TestSeoGenBatch" name="test_start_batch_with_limit" time="20.754" /><testcase classname="backend.tests.test_seo_gen_routes.TestSeoGenBatch" name="test_stop_generation" time="0.147" /><testcase classname="backend.tests.test_seo_gen_routes.TestCompanyWithSeoDescription" name="test_company_has_seo_description" time="0.123" /><testcase classname="backend.tests.test_seo_gen_routes.TestRegressionExistingEndpoints" name="test_search_endpoint" time="2.289" /><testcase classname="backend.tests.test_seo_gen_routes.TestRegressionExistingEndpoints" name="test_company_by_slug" time="0.106" /><testcase classname="backend.tests.test_seo_gen_routes.TestRegressionExistingEndpoints" name="test_geo_judete" time="1.744" /></testsuite></testsuites>