<?xml version="1.0" encoding="utf-8"?><testsuites name="pytest tests"><testsuite name="pytest" errors="0" failures="0" skipped="0" tests="19" time="95.471" timestamp="2026-04-01T17:10:31.285632+00:00" hostname="agent-env-1f90a12b-5db1-477b-a8db-cc67f13e5456"><testcase classname="backend.tests.test_caen_routes.TestCaenSections" name="test_get_sections_returns_200" time="5.016" /><testcase classname="backend.tests.test_caen_routes.TestCaenSections" name="test_sections_response_structure" time="0.167" /><testcase classname="backend.tests.test_caen_routes.TestCaenSections" name="test_sections_have_required_fields" time="0.112" /><testcase classname="backend.tests.test_caen_routes.TestCaenSections" name="test_section_i_exists" time="0.157" /><testcase classname="backend.tests.test_caen_routes.TestCaenCodes" name="test_get_codes_returns_200" time="5.379" /><testcase classname="backend.tests.test_caen_routes.TestCaenCodes" name="test_codes_response_structure" time="5.443" /><testcase classname="backend.tests.test_caen_routes.TestCaenCodes" name="test_codes_have_required_fields" time="4.805" /><testcase classname="backend.tests.test_caen_routes.TestCaenCodes" name="test_filter_by_section_i" time="4.854" /><testcase classname="backend.tests.test_caen_routes.TestCaenCodes" name="test_search_caen_codes" time="5.365" /><testcase classname="backend.tests.test_caen_routes.TestCaenCodes" name="test_caen_5520_exists" time="4.819" /><testcase classname="backend.tests.test_caen_routes.TestCaenCodeCompanies" name="test_get_companies_by_caen_returns_200" time="5.623" /><testcase classname="backend.tests.test_caen_routes.TestCaenCodeCompanies" name="test_companies_response_structure" time="6.253" /><testcase classname="backend.tests.test_caen_routes.TestCaenCodeCompanies" name="test_caen_info_correct" time="5.882" /><testcase classname="backend.tests.test_caen_routes.TestCaenCodeCompanies" name="test_companies_have_required_fields" time="5.707" /><testcase classname="backend.tests.test_caen_routes.TestCaenCodeCompanies" name="test_top_judete_structure" time="5.256" /><testcase classname="backend.tests.test_caen_routes.TestCaenCodeCompanies" name="test_filter_by_judet" time="8.932" /><testcase classname="backend.tests.test_caen_routes.TestCaenCodeCompanies" name="test_search_by_cui" time="3.028" /><testcase classname="backend.tests.test_caen_routes.TestCaenCodeCompanies" name="test_pagination" time="10.779" /><testcase classname="backend.tests.test_caen_routes.TestCaenCodeCompanies" name="test_invalid_caen_code" time="7.824" /></testsuite></testsuites>