<?xml version="1.0" encoding="utf-8"?><testsuites name="pytest tests"><testsuite name="pytest" errors="0" failures="0" skipped="0" tests="14" time="152.036" timestamp="2026-04-04T06:29:32.929726+00:00" hostname="agent-env-0a01a41c-ce9f-4e6b-8caf-daf02a4005b6"><testcase classname="backend.tests.test_top_firme_feature.TestJudetTopFirme" name="test_top_firme_default_sort_cifra_afaceri" time="10.961" /><testcase classname="backend.tests.test_top_firme_feature.TestJudetTopFirme" name="test_top_firme_sort_by_angajati" time="10.656" /><testcase classname="backend.tests.test_top_firme_feature.TestJudetTopFirme" name="test_top_firme_sort_by_profit" time="10.670" /><testcase classname="backend.tests.test_top_firme_feature.TestJudetTopFirme" name="test_top_firme_has_rank" time="10.673" /><testcase classname="backend.tests.test_top_firme_feature.TestJudetTopFirme" name="test_top_firme_pagination" time="20.968" /><testcase classname="backend.tests.test_top_firme_feature.TestLocalitateSort" name="test_localitate_default_sort_cifra_afaceri" time="12.616" /><testcase classname="backend.tests.test_top_firme_feature.TestLocalitateSort" name="test_localitate_sort_by_angajati" time="12.927" /><testcase classname="backend.tests.test_top_firme_feature.TestLocalitateSort" name="test_localitate_sort_alfabetic" time="13.523" /><testcase classname="backend.tests.test_top_firme_feature.TestCaenSort" name="test_caen_default_sort_cifra_afaceri" time="8.399" /><testcase classname="backend.tests.test_top_firme_feature.TestCaenSort" name="test_caen_sort_by_angajati" time="8.297" /><testcase classname="backend.tests.test_top_firme_feature.TestCaenSort" name="test_caen_sort_alfabetic" time="8.682" /><testcase classname="backend.tests.test_top_firme_feature.TestCaenSort" name="test_caen_has_top_judete" time="8.616" /><testcase classname="backend.tests.test_top_firme_feature.TestCaenSort" name="test_caen_filter_by_judet" time="7.590" /><testcase classname="backend.tests.test_top_firme_feature.TestJudetLocalities" name="test_judet_returns_localities" time="7.265" /></testsuite></testsuites>